[0;36m→ Log file: logs/RedShiftDistortion/build_20260209_232920.log[0m
============================================================================
JUCE Plugin Build & Installation: RedShiftDistortion
============================================================================

[0;36m→ Phase 1: Pre-flight Validation[0m
[0;36m→   - Checking plugin directory...[0m
[0;36m→   - Checking CMakeLists.txt...[0m
[0;36m→   - Checking PRODUCT_NAME...[0m
[0;36m→   - Checking CMake...[0m
[0;36m→   - Checking Ninja...[0m
[0;32m✓ Pre-flight validation passed[0m

[0;36m→ Phase 2: Parallel Build[0m
[0;36m→   - Build directory exists, skipping configure (use --reconfigure to force)[0m
[0;36m→   - Building RedShiftDistortion (VST3 + AU) in parallel...[0m
[0;32m✓ Build complete[0m

[0;36m→ Phase 3: Extract PRODUCT_NAME[0m
[0;36m→   - Parsing CMakeLists.txt...[0m
[0;36m→   - Product name: RedShiftDistortion[0m
[0;32m✓ Product name extracted: RedShiftDistortion[0m

[0;36m→ Phase 4: Remove Old Versions[0m
[0;36m→   - Searching for old VST3...[0m
[0;36m→   - Removing old VST3: /Users/ericmeltser/Library/Audio/Plug-Ins/VST3/RedShiftDistortion.vst3[0m
[0;36m→   - Searching for old AU...[0m
[0;36m→   - Removing old AU: /Users/ericmeltser/Library/Audio/Plug-Ins/Components/RedShiftDistortion.component[0m
[0;32m✓ Old versions removed[0m

[0;36m→ Phase 5: Install New Versions[0m
[0;36m→   - Locating VST3 build artifact...[0m
[0;36m→   - Locating AU build artifact...[0m
[0;36m→   - Installing VST3 to /Users/ericmeltser/Library/Audio/Plug-Ins/VST3/[0m
[0;36m→   - Installing AU to /Users/ericmeltser/Library/Audio/Plug-Ins/Components/[0m
[0;32m✓ New versions installed[0m

[0;36m→ Phase 6: Clear DAW Caches[0m
[0;36m→   - Clearing Ableton plugin database...[0m
[0;36m→   - Ableton preferences directory not found (skipping)[0m
[0;36m→   - Clearing Audio Unit cache...[0m
[0;36m→   - Killing AudioComponentRegistrar...[0m
[0;32m✓ DAW caches cleared[0m

[0;36m→ Phase 7: Verification[0m
[0;36m→   - Checking VST3 exists...[0m
[0;36m→   - Checking AU exists...[0m
[0;36m→   - Checking timestamps...[0m
[0;36m→   - Checking file sizes...[0m

[0;32m✓ Verification complete[0m

[0;36m→ Installed plugins:[0m
  VST3: /Users/ericmeltser/Library/Audio/Plug-Ins/VST3/RedShiftDistortion.vst3
        Size:  10M, Age: 0s
  AU:   /Users/ericmeltser/Library/Audio/Plug-Ins/Components/RedShiftDistortion.component
        Size:  10M, Age: 0s

============================================================================
[0;32m✓ Build and installation complete![0m
============================================================================
[0;36m→ Total time: 28s[0m
[0;36m→ Log: logs/RedShiftDistortion/build_20260209_232920.log[0m
